[1733421408][2024-12-05 17:56:48] Error [2]: Undefined variable $undefinedVariable in /var/www/html/dam/Primero/Lenguajes de marcas y sistemas de gestión de información/003-Manipulación de documentos Web/proyectos/004-proyecto Apple/076-error a archivo/back/inc/error.php on line 56
[1733421408][2024-12-05 17:56:48] Uncaught Exception: This is a test exception in /var/www/html/dam/Primero/Lenguajes de marcas y sistemas de gestión de información/003-Manipulación de documentos Web/proyectos/004-proyecto Apple/076-error a archivo/back/inc/error.php on line 59
[1733421448][2024-12-05 17:57:28] Error [2]: Undefined variable $undefinedVariable in /var/www/html/dam/Primero/Lenguajes de marcas y sistemas de gestión de información/003-Manipulación de documentos Web/proyectos/004-proyecto Apple/076-error a archivo/back/inc/error.php on line 56
[1733421448][2024-12-05 17:57:28] Uncaught Exception: This is a test exception in /var/www/html/dam/Primero/Lenguajes de marcas y sistemas de gestión de información/003-Manipulación de documentos Web/proyectos/004-proyecto Apple/076-error a archivo/back/inc/error.php on line 59
[1733421451][2024-12-05 17:57:31] Error [2]: Undefined variable $undefinedVariable in /var/www/html/dam/Primero/Lenguajes de marcas y sistemas de gestión de información/003-Manipulación de documentos Web/proyectos/004-proyecto Apple/076-error a archivo/back/inc/error.php on line 56
[1733421451][2024-12-05 17:57:31] Uncaught Exception: This is a test exception in /var/www/html/dam/Primero/Lenguajes de marcas y sistemas de gestión de información/003-Manipulación de documentos Web/proyectos/004-proyecto Apple/076-error a archivo/back/inc/error.php on line 59
[1733421561][2024-12-05 17:59:21] Uncaught Exception: Access denied for user 'proyectoapple'@'localhost' to database 'proyectoapple2' in /var/www/html/dam/Primero/Lenguajes de marcas y sistemas de gestión de información/003-Manipulación de documentos Web/proyectos/004-proyecto Apple/076-error a archivo/back/Classes/ConexionBD.php on line 9
[1733421561][2024-12-05 17:59:21] Uncaught Exception: Access denied for user 'proyectoapple'@'localhost' to database 'proyectoapple2' in /var/www/html/dam/Primero/Lenguajes de marcas y sistemas de gestión de información/003-Manipulación de documentos Web/proyectos/004-proyecto Apple/076-error a archivo/back/Classes/ConexionBD.php on line 9
[1733421561][2024-12-05 17:59:21] Uncaught Exception: Access denied for user 'proyectoapple'@'localhost' to database 'proyectoapple2' in /var/www/html/dam/Primero/Lenguajes de marcas y sistemas de gestión de información/003-Manipulación de documentos Web/proyectos/004-proyecto Apple/076-error a archivo/back/Classes/ConexionBD.php on line 9
[1733421561][2024-12-05 17:59:21] Uncaught Exception: Access denied for user 'proyectoapple'@'localhost' to database 'proyectoapple2' in /var/www/html/dam/Primero/Lenguajes de marcas y sistemas de gestión de información/003-Manipulación de documentos Web/proyectos/004-proyecto Apple/076-error a archivo/back/Classes/ConexionBD.php on line 9
[1734532107][2024-12-18 14:28:27] Error [2]: file_put_contents(../basededatos/pedidos/1734532107.json): Failed to open stream: Permission denied in /var/www/html/dam/Primero/Lenguajes de marcas y sistemas de gestión de información/003-Manipulación de documentos Web/proyectos/007-Proyecto OldLace/121-Guardado de json mas ordenado/back/index.php on line 26
[1734545872][2024-12-18 18:17:52] Uncaught Exception: Access denied for user 'proyectoapple'@'localhost' to database 'proyectoapple' in /var/www/html/dam/Primero/Lenguajes de marcas y sistemas de gestión de información/003-Manipulación de documentos Web/proyectos/007-Proyecto OldLace/139-Archivo de configuracion/back/Classes/ConexionBD.php on line 9
[1734545872][2024-12-18 18:17:52] Uncaught Exception: Access denied for user 'proyectoapple'@'localhost' to database 'proyectoapple' in /var/www/html/dam/Primero/Lenguajes de marcas y sistemas de gestión de información/003-Manipulación de documentos Web/proyectos/007-Proyecto OldLace/139-Archivo de configuracion/back/Classes/ConexionBD.php on line 9
[1734545872][2024-12-18 18:17:52] Uncaught Exception: Access denied for user 'proyectoapple'@'localhost' to database 'proyectoapple' in /var/www/html/dam/Primero/Lenguajes de marcas y sistemas de gestión de información/003-Manipulación de documentos Web/proyectos/007-Proyecto OldLace/139-Archivo de configuracion/back/Classes/ConexionBD.php on line 9
[1734545872][2024-12-18 18:17:52] Uncaught Exception: Access denied for user 'proyectoapple'@'localhost' to database 'proyectoapple' in /var/www/html/dam/Primero/Lenguajes de marcas y sistemas de gestión de información/003-Manipulación de documentos Web/proyectos/007-Proyecto OldLace/139-Archivo de configuracion/back/Classes/ConexionBD.php on line 9
[1734621206][2024-12-19 15:13:26] Uncaught Exception: Table 'oldlace.piedepagina' doesn't exist in /var/www/html/dam/Primero/Lenguajes de marcas y sistemas de gestión de información/003-Manipulación de documentos Web/proyectos/007-Proyecto OldLace/147-Pie de pagina/back/Classes/ConexionBD.php on line 38
[1734621218][2024-12-19 15:13:38] Uncaught Exception: Table 'oldlace.piedepagina' doesn't exist in /var/www/html/dam/Primero/Lenguajes de marcas y sistemas de gestión de información/003-Manipulación de documentos Web/proyectos/007-Proyecto OldLace/147-Pie de pagina/back/Classes/ConexionBD.php on line 38
[1734622459][2024-12-19 15:34:19] Uncaught Exception: nl2br(): Argument #1 ($string) must be of type string, array given in /var/www/html/dam/Primero/Lenguajes de marcas y sistemas de gestión de información/003-Manipulación de documentos Web/proyectos/007-Proyecto OldLace/148-Paginas libres/back/Classes/ConexionBD.php on line 46
[1734622459][2024-12-19 15:34:19] Uncaught Exception: nl2br(): Argument #1 ($string) must be of type string, array given in /var/www/html/dam/Primero/Lenguajes de marcas y sistemas de gestión de información/003-Manipulación de documentos Web/proyectos/007-Proyecto OldLace/148-Paginas libres/back/Classes/ConexionBD.php on line 46
[1734895882][2024-12-22 19:31:22] Error [2]: file_get_contents(../basededatos/productos/wheat): Failed to open stream: No such file or directory in /var/www/html/dam/Primero/Lenguajes de marcas y sistemas de gestión de información/003-Manipulación de documentos Web/proyectos/007-Proyecto OldLace/153-Modificaciones JOCARSA/back/index.php on line 31
[1734900255][2024-12-22 20:44:15] Error [2]: file_get_contents(../basededatos/productos/wheat.json): Failed to open stream: No such file or directory in /var/www/html/dam/Primero/Lenguajes de marcas y sistemas de gestión de información/003-Manipulación de documentos Web/proyectos/007-Proyecto OldLace/153-Modificaciones JOCARSA/back/index.php on line 31
[1734900281][2024-12-22 20:44:41] Error [2]: file_get_contents(../basededatos/productos/wheat.json): Failed to open stream: No such file or directory in /var/www/html/dam/Primero/Lenguajes de marcas y sistemas de gestión de información/003-Manipulación de documentos Web/proyectos/007-Proyecto OldLace/153-Modificaciones JOCARSA/back/index.php on line 31
[1734900284][2024-12-22 20:44:44] Error [2]: file_get_contents(../basededatos/productos/wheat.json): Failed to open stream: No such file or directory in /var/www/html/dam/Primero/Lenguajes de marcas y sistemas de gestión de información/003-Manipulación de documentos Web/proyectos/007-Proyecto OldLace/153-Modificaciones JOCARSA/back/index.php on line 31
[1734900301][2024-12-22 20:45:01] Error [2]: file_get_contents(../basededatos/productos/wheat.json): Failed to open stream: No such file or directory in /var/www/html/dam/Primero/Lenguajes de marcas y sistemas de gestión de información/003-Manipulación de documentos Web/proyectos/007-Proyecto OldLace/153-Modificaciones JOCARSA/back/index.php on line 31
[1734900316][2024-12-22 20:45:16] Error [2]: file_get_contents(../basededatos/productos/wheat.json): Failed to open stream: No such file or directory in /var/www/html/dam/Primero/Lenguajes de marcas y sistemas de gestión de información/003-Manipulación de documentos Web/proyectos/007-Proyecto OldLace/153-Modificaciones JOCARSA/back/index.php on line 31
[1734900326][2024-12-22 20:45:26] Error [2]: file_get_contents(../basededatos/productos/wheat.json): Failed to open stream: No such file or directory in /var/www/html/dam/Primero/Lenguajes de marcas y sistemas de gestión de información/003-Manipulación de documentos Web/proyectos/007-Proyecto OldLace/153-Modificaciones JOCARSA/back/index.php on line 31
[1734900386][2024-12-22 20:46:26] Error [2]: file_get_contents(../basededatos/productos/wheat.json): Failed to open stream: No such file or directory in /var/www/html/dam/Primero/Lenguajes de marcas y sistemas de gestión de información/003-Manipulación de documentos Web/proyectos/007-Proyecto OldLace/153-Modificaciones JOCARSA/back/index.php on line 31
[1734900919][2024-12-22 20:55:19] Error [2]: file_get_contents(../basededatos/productos/jocarsa | aliceBlue.json): Failed to open stream: No such file or directory in /var/www/html/dam/Primero/Lenguajes de marcas y sistemas de gestión de información/003-Manipulación de documentos Web/proyectos/007-Proyecto OldLace/153-Modificaciones JOCARSA/back/index.php on line 31
[1734900956][2024-12-22 20:55:56] Error [2]: file_get_contents(../basededatos/productos/jocarsa | blanchedAlmond.json): Failed to open stream: No such file or directory in /var/www/html/dam/Primero/Lenguajes de marcas y sistemas de gestión de información/003-Manipulación de documentos Web/proyectos/007-Proyecto OldLace/153-Modificaciones JOCARSA/back/index.php on line 31
[1734901266][2024-12-22 21:01:06] Error [2]: file_get_contents(../basededatos/productos/jocarsa | chartreuse.json): Failed to open stream: No such file or directory in /var/www/html/dam/Primero/Lenguajes de marcas y sistemas de gestión de información/003-Manipulación de documentos Web/proyectos/007-Proyecto OldLace/153-Modificaciones JOCARSA/back/index.php on line 31
[1734901446][2024-12-22 21:04:06] Error [2]: file_get_contents(../basededatos/productos/jocarsa | chartreuse.json): Failed to open stream: No such file or directory in /var/www/html/dam/Primero/Lenguajes de marcas y sistemas de gestión de información/003-Manipulación de documentos Web/proyectos/007-Proyecto OldLace/153-Modificaciones JOCARSA/back/index.php on line 31
[1734905150][2024-12-22 22:05:50] Error [2]: file_get_contents(../basededatos/productos/animación 3d.json): Failed to open stream: No such file or directory in /var/www/html/dam/Primero/Lenguajes de marcas y sistemas de gestión de información/003-Manipulación de documentos Web/proyectos/007-Proyecto OldLace/153-Modificaciones JOCARSA/back/index.php on line 31
[1734908877][2024-12-22 23:07:57] Error [2]: file_get_contents(../basededatos/productos/animación 3d.json): Failed to open stream: No such file or directory in /var/www/html/dam/Primero/Lenguajes de marcas y sistemas de gestión de información/003-Manipulación de documentos Web/proyectos/007-Proyecto OldLace/153-Modificaciones JOCARSA/back/index.php on line 31
[1734908967][2024-12-22 23:09:27] Uncaught Exception: Unknown column 'jocarsa' in 'where clause' in /var/www/html/dam/Primero/Lenguajes de marcas y sistemas de gestión de información/003-Manipulación de documentos Web/proyectos/007-Proyecto OldLace/153-Modificaciones JOCARSA/back/Classes/ConexionBD.php on line 23
[1734946498][2024-12-23 10:34:58] Uncaught Exception: No such file or directory in /homepages/11/d462793689/htdocs/jocarsa2025/back/Classes/ConexionBD.php on line 9
[1734946498][2024-12-23 10:34:58] Uncaught Exception: No such file or directory in /homepages/11/d462793689/htdocs/jocarsa2025/back/Classes/ConexionBD.php on line 9
[1734946498][2024-12-23 10:34:58] Uncaught Exception: No such file or directory in /homepages/11/d462793689/htdocs/jocarsa2025/back/Classes/ConexionBD.php on line 9
[1734946498][2024-12-23 10:34:58] Uncaught Exception: No such file or directory in /homepages/11/d462793689/htdocs/jocarsa2025/back/Classes/ConexionBD.php on line 9
[1734946498][2024-12-23 10:34:58] Uncaught Exception: No such file or directory in /homepages/11/d462793689/htdocs/jocarsa2025/back/Classes/ConexionBD.php on line 9
[1734946498][2024-12-23 10:34:58] Uncaught Exception: No such file or directory in /homepages/11/d462793689/htdocs/jocarsa2025/back/Classes/ConexionBD.php on line 9
[1734947969][2024-12-23 10:59:29] Error [2]: file_get_contents(../basededatos/productos/animación 3d.json): Failed to open stream: No such file or directory in /homepages/11/d462793689/htdocs/jocarsa2025/back/index.php on line 31
[1734962854][2024-12-23 15:07:34] Uncaught Exception: You have an error in your SQL syntax; check the manual that corresponds to your MariaDB server version for the right syntax to use near '' at line 3 in /homepages/11/d462793689/htdocs/jocarsa2025/back/Classes/ConexionBD.php on line 23
[1734967759][2024-12-23 16:29:19] Uncaught Exception: Unknown column 'jocarsa' in 'where clause' in /homepages/11/d462793689/htdocs/jocarsa2025/back/Classes/ConexionBD.php on line 23
[1734967794][2024-12-23 16:29:54] Uncaught Exception: Unknown column 'jocarsa' in 'where clause' in /homepages/11/d462793689/htdocs/jocarsa2025/back/Classes/ConexionBD.php on line 23
[1734967827][2024-12-23 16:30:27] Uncaught Exception: Unknown column 'jocarsa' in 'where clause' in /homepages/11/d462793689/htdocs/jocarsa2025/back/Classes/ConexionBD.php on line 23
[1734967858][2024-12-23 16:30:58] Uncaught Exception: Unknown column 'nombre' in 'where clause' in /homepages/11/d462793689/htdocs/jocarsa2025/back/Classes/ConexionBD.php on line 23
[1734967879][2024-12-23 16:31:19] Uncaught Exception: Unknown column 'jocarsa' in 'where clause' in /homepages/11/d462793689/htdocs/jocarsa2025/back/Classes/ConexionBD.php on line 23
[1734967897][2024-12-23 16:31:37] Uncaught Exception: You have an error in your SQL syntax; check the manual that corresponds to your MariaDB server version for the right syntax to use near '' at line 3 in /homepages/11/d462793689/htdocs/jocarsa2025/back/Classes/ConexionBD.php on line 23
[1734967903][2024-12-23 16:31:43] Uncaught Exception: Unknown column 'jocarsa' in 'where clause' in /homepages/11/d462793689/htdocs/jocarsa2025/back/Classes/ConexionBD.php on line 23
[1734968009][2024-12-23 16:33:29] Uncaught Exception: Unknown column 'jocarsa' in 'where clause' in /homepages/11/d462793689/htdocs/jocarsa2025/back/Classes/ConexionBD.php on line 24
[1734969167][2024-12-23 16:52:47] Error [2]: file_get_contents(../basededatos/productos/animación 3d.json): Failed to open stream: No such file or directory in /homepages/11/d462793689/htdocs/jocarsa2025/back/index.php on line 31
[1735101413][2024-12-25 05:36:53] Error [2]: file_get_contents(../basededatos/productos/7.json): Failed to open stream: No such file or directory in /homepages/11/d462793689/htdocs/jocarsa2025/back/index.php on line 31
[1735215351][2024-12-26 13:15:51] Error [2]: file_get_contents(../basededatos/productos/null.json): Failed to open stream: No such file or directory in /homepages/11/d462793689/htdocs/jocarsa2025/back/index.php on line 31
[1735339916][2024-12-27 23:51:56] Error [2]: file_get_contents(../basededatos/productos/null.json): Failed to open stream: No such file or directory in /homepages/11/d462793689/htdocs/jocarsa2025/back/index.php on line 31
[1735374875][2024-12-28 09:34:35] Error [2]: file_get_contents(../basededatos/productos/7.json): Failed to open stream: No such file or directory in /homepages/11/d462793689/htdocs/jocarsa2025/back/index.php on line 31
[1735423537][2024-12-28 23:05:37] Error [2]: file_get_contents(../basededatos/productos/null.json): Failed to open stream: No such file or directory in /homepages/11/d462793689/htdocs/jocarsa2025/back/index.php on line 31
[1735615838][2024-12-31 04:30:38] Error [2]: file_get_contents(../basededatos/productos/null.json): Failed to open stream: No such file or directory in /homepages/11/d462793689/htdocs/jocarsa2025/back/index.php on line 31
[1735620029][2024-12-31 05:40:29] Error [2]: file_get_contents(../basededatos/productos/null.json): Failed to open stream: No such file or directory in /homepages/11/d462793689/htdocs/jocarsa2025/back/index.php on line 31
[1735622605][2024-12-31 06:23:25] Error [2]: file_get_contents(../basededatos/productos/null.json): Failed to open stream: No such file or directory in /homepages/11/d462793689/htdocs/jocarsa2025/back/index.php on line 31
[1735696564][2025-01-01 02:56:04] Error [2]: file_get_contents(../basededatos/productos/null.json): Failed to open stream: No such file or directory in /homepages/11/d462793689/htdocs/jocarsa2025/back/index.php on line 31
[1735720041][2025-01-01 09:27:21] Error [2]: file_get_contents(../basededatos/productos/null.json): Failed to open stream: No such file or directory in /homepages/11/d462793689/htdocs/jocarsa2025/back/index.php on line 31
[1735807047][2025-01-02 09:37:27] Error [2]: file_get_contents(../basededatos/productos/null.json): Failed to open stream: No such file or directory in /homepages/11/d462793689/htdocs/jocarsa2025/back/index.php on line 31
[1735832920][2025-01-02 16:48:40] Error [2]: file_get_contents(../basededatos/productos/7.json): Failed to open stream: No such file or directory in /homepages/11/d462793689/htdocs/jocarsa2025/back/index.php on line 31
[1735888941][2025-01-03 08:22:21] Error [2]: file_get_contents(../basededatos/productos/null.json): Failed to open stream: No such file or directory in /homepages/11/d462793689/htdocs/jocarsa2025/back/index.php on line 31
[1735898291][2025-01-03 10:58:11] Error [2]: file_get_contents(../basededatos/productos/7.json): Failed to open stream: No such file or directory in /homepages/11/d462793689/htdocs/jocarsa2025/back/index.php on line 31
[1735898297][2025-01-03 10:58:17] Error [2]: file_get_contents(../basededatos/productos/7.json): Failed to open stream: No such file or directory in /homepages/11/d462793689/htdocs/jocarsa2025/back/index.php on line 31
[1735947290][2025-01-04 00:34:50] Error [2]: file_get_contents(../basededatos/productos/null.json): Failed to open stream: No such file or directory in /homepages/11/d462793689/htdocs/jocarsa2025/back/index.php on line 31
[1735963665][2025-01-04 05:07:45] Error [2]: file_get_contents(../basededatos/productos/null.json): Failed to open stream: No such file or directory in /homepages/11/d462793689/htdocs/jocarsa2025/back/index.php on line 31
[1735966791][2025-01-04 05:59:51] Error [2]: file_get_contents(../basededatos/productos/null.json): Failed to open stream: No such file or directory in /homepages/11/d462793689/htdocs/jocarsa2025/back/index.php on line 31
[1736050924][2025-01-05 05:22:04] Error [2]: file_get_contents(../basededatos/productos/null.json): Failed to open stream: No such file or directory in /homepages/11/d462793689/htdocs/jocarsa2025/back/index.php on line 31
[1736083682][2025-01-05 14:28:02] Error [2]: file_get_contents(../basededatos/productos/7.json): Failed to open stream: No such file or directory in /homepages/11/d462793689/htdocs/jocarsa2025/back/index.php on line 31
[1736083696][2025-01-05 14:28:16] Error [2]: file_get_contents(../basededatos/productos/7.json): Failed to open stream: No such file or directory in /homepages/11/d462793689/htdocs/jocarsa2025/back/index.php on line 31
[1736083716][2025-01-05 14:28:36] Error [2]: file_get_contents(../basededatos/productos/7.json): Failed to open stream: No such file or directory in /homepages/11/d462793689/htdocs/jocarsa2025/back/index.php on line 31
[1736083727][2025-01-05 14:28:47] Error [2]: file_get_contents(../basededatos/productos/7.json): Failed to open stream: No such file or directory in /homepages/11/d462793689/htdocs/jocarsa2025/back/index.php on line 31
[1736083733][2025-01-05 14:28:53] Error [2]: file_get_contents(../basededatos/productos/7.json): Failed to open stream: No such file or directory in /homepages/11/d462793689/htdocs/jocarsa2025/back/index.php on line 31
[1736114905][2025-01-05 23:08:25] Error [2]: file_get_contents(../basededatos/productos/null.json): Failed to open stream: No such file or directory in /homepages/11/d462793689/htdocs/jocarsa2025/back/index.php on line 31
[1736126271][2025-01-06 02:17:51] Error [2]: file_get_contents(../basededatos/productos/null.json): Failed to open stream: No such file or directory in /homepages/11/d462793689/htdocs/jocarsa2025/back/index.php on line 31
[1736152093][2025-01-06 09:28:13] Error [2]: file_get_contents(../basededatos/productos/7.json): Failed to open stream: No such file or directory in /homepages/11/d462793689/htdocs/jocarsa2025/back/index.php on line 31
[1736204171][2025-01-06 23:56:11] Error [2]: file_get_contents(../basededatos/productos/null.json): Failed to open stream: No such file or directory in /homepages/11/d462793689/htdocs/jocarsa2025/back/index.php on line 31
[1736360801][2025-01-08 18:26:41] Error [2]: Undefined variable $dbservidor in /var/www/html/jocarsa-oldlace/back/Classes/ConexionBD.php on line 10
[1736360801][2025-01-08 18:26:41] Error [2]: Undefined variable $dbusuario in /var/www/html/jocarsa-oldlace/back/Classes/ConexionBD.php on line 11
[1736360801][2025-01-08 18:26:41] Error [2]: Undefined variable $dbcontrasena in /var/www/html/jocarsa-oldlace/back/Classes/ConexionBD.php on line 12
[1736360801][2025-01-08 18:26:41] Error [2]: Undefined variable $dbbasededatos in /var/www/html/jocarsa-oldlace/back/Classes/ConexionBD.php on line 13
[1736360801][2025-01-08 18:26:41] Uncaught Exception: Access denied for user ''@'localhost' (using password: YES) in /var/www/html/jocarsa-oldlace/back/Classes/ConexionBD.php on line 9
[1736360804][2025-01-08 18:26:44] Error [2]: Undefined variable $dbservidor in /var/www/html/jocarsa-oldlace/back/Classes/ConexionBD.php on line 10
[1736360804][2025-01-08 18:26:44] Error [2]: Undefined variable $dbusuario in /var/www/html/jocarsa-oldlace/back/Classes/ConexionBD.php on line 11
[1736360804][2025-01-08 18:26:44] Error [2]: Undefined variable $dbcontrasena in /var/www/html/jocarsa-oldlace/back/Classes/ConexionBD.php on line 12
[1736360804][2025-01-08 18:26:44] Error [2]: Undefined variable $dbbasededatos in /var/www/html/jocarsa-oldlace/back/Classes/ConexionBD.php on line 13
[1736360804][2025-01-08 18:26:44] Error [2]: Undefined variable $dbservidor in /var/www/html/jocarsa-oldlace/back/Classes/ConexionBD.php on line 10
[1736360804][2025-01-08 18:26:44] Error [2]: Undefined variable $dbusuario in /var/www/html/jocarsa-oldlace/back/Classes/ConexionBD.php on line 11
[1736360804][2025-01-08 18:26:44] Error [2]: Undefined variable $dbcontrasena in /var/www/html/jocarsa-oldlace/back/Classes/ConexionBD.php on line 12
[1736360804][2025-01-08 18:26:44] Error [2]: Undefined variable $dbbasededatos in /var/www/html/jocarsa-oldlace/back/Classes/ConexionBD.php on line 13
[1736360804][2025-01-08 18:26:44] Error [2]: Undefined variable $dbservidor in /var/www/html/jocarsa-oldlace/back/Classes/ConexionBD.php on line 10
[1736360804][2025-01-08 18:26:44] Error [2]: Undefined variable $dbusuario in /var/www/html/jocarsa-oldlace/back/Classes/ConexionBD.php on line 11
[1736360804][2025-01-08 18:26:44] Error [2]: Undefined variable $dbcontrasena in /var/www/html/jocarsa-oldlace/back/Classes/ConexionBD.php on line 12
[1736360804][2025-01-08 18:26:44] Error [2]: Undefined variable $dbbasededatos in /var/www/html/jocarsa-oldlace/back/Classes/ConexionBD.php on line 13
[1736360804][2025-01-08 18:26:44] Error [2]: Undefined variable $dbservidor in /var/www/html/jocarsa-oldlace/back/Classes/ConexionBD.php on line 10
[1736360804][2025-01-08 18:26:44] Error [2]: Undefined variable $dbusuario in /var/www/html/jocarsa-oldlace/back/Classes/ConexionBD.php on line 11
[1736360804][2025-01-08 18:26:44] Error [2]: Undefined variable $dbcontrasena in /var/www/html/jocarsa-oldlace/back/Classes/ConexionBD.php on line 12
[1736360804][2025-01-08 18:26:44] Error [2]: Undefined variable $dbbasededatos in /var/www/html/jocarsa-oldlace/back/Classes/ConexionBD.php on line 13
[1736360804][2025-01-08 18:26:44] Uncaught Exception: Access denied for user ''@'localhost' (using password: YES) in /var/www/html/jocarsa-oldlace/back/Classes/ConexionBD.php on line 9
[1736360804][2025-01-08 18:26:44] Uncaught Exception: Access denied for user ''@'localhost' (using password: YES) in /var/www/html/jocarsa-oldlace/back/Classes/ConexionBD.php on line 9
[1736360804][2025-01-08 18:26:44] Uncaught Exception: Access denied for user ''@'localhost' (using password: YES) in /var/www/html/jocarsa-oldlace/back/Classes/ConexionBD.php on line 9
[1736360804][2025-01-08 18:26:44] Uncaught Exception: Access denied for user ''@'localhost' (using password: YES) in /var/www/html/jocarsa-oldlace/back/Classes/ConexionBD.php on line 9
[1736360804][2025-01-08 18:26:44] Error [2]: Undefined variable $dbservidor in /var/www/html/jocarsa-oldlace/back/Classes/ConexionBD.php on line 10
[1736360804][2025-01-08 18:26:44] Error [2]: Undefined variable $dbservidor in /var/www/html/jocarsa-oldlace/back/Classes/ConexionBD.php on line 10
[1736360804][2025-01-08 18:26:44] Error [2]: Undefined variable $dbusuario in /var/www/html/jocarsa-oldlace/back/Classes/ConexionBD.php on line 11
[1736360804][2025-01-08 18:26:44] Error [2]: Undefined variable $dbcontrasena in /var/www/html/jocarsa-oldlace/back/Classes/ConexionBD.php on line 12
[1736360804][2025-01-08 18:26:44] Error [2]: Undefined variable $dbusuario in /var/www/html/jocarsa-oldlace/back/Classes/ConexionBD.php on line 11
[1736360804][2025-01-08 18:26:44] Error [2]: Undefined variable $dbbasededatos in /var/www/html/jocarsa-oldlace/back/Classes/ConexionBD.php on line 13
[1736360804][2025-01-08 18:26:44] Error [2]: Undefined variable $dbcontrasena in /var/www/html/jocarsa-oldlace/back/Classes/ConexionBD.php on line 12
[1736360804][2025-01-08 18:26:44] Error [2]: Undefined variable $dbbasededatos in /var/www/html/jocarsa-oldlace/back/Classes/ConexionBD.php on line 13
[1736360804][2025-01-08 18:26:44] Uncaught Exception: Access denied for user ''@'localhost' (using password: YES) in /var/www/html/jocarsa-oldlace/back/Classes/ConexionBD.php on line 9
[1736360804][2025-01-08 18:26:44] Uncaught Exception: Access denied for user ''@'localhost' (using password: YES) in /var/www/html/jocarsa-oldlace/back/Classes/ConexionBD.php on line 9
[1736360815][2025-01-08 18:26:55] Error [2]: Undefined variable $dbservidor in /var/www/html/jocarsa-oldlace/back/Classes/ConexionBD.php on line 10
[1736360815][2025-01-08 18:26:55] Error [2]: Undefined variable $dbusuario in /var/www/html/jocarsa-oldlace/back/Classes/ConexionBD.php on line 11
[1736360815][2025-01-08 18:26:55] Error [2]: Undefined variable $dbcontrasena in /var/www/html/jocarsa-oldlace/back/Classes/ConexionBD.php on line 12
[1736360815][2025-01-08 18:26:55] Error [2]: Undefined variable $dbbasededatos in /var/www/html/jocarsa-oldlace/back/Classes/ConexionBD.php on line 13
[1736360815][2025-01-08 18:26:55] Uncaught Exception: Access denied for user ''@'localhost' (using password: YES) in /var/www/html/jocarsa-oldlace/back/Classes/ConexionBD.php on line 9
[1736360846][2025-01-08 18:27:26] Error [2]: Undefined variable $dbservidor in /var/www/html/jocarsa-oldlace/back/Classes/ConexionBD.php on line 10
[1736360846][2025-01-08 18:27:26] Error [2]: Undefined variable $dbusuario in /var/www/html/jocarsa-oldlace/back/Classes/ConexionBD.php on line 11
[1736360846][2025-01-08 18:27:26] Error [2]: Undefined variable $dbcontrasena in /var/www/html/jocarsa-oldlace/back/Classes/ConexionBD.php on line 12
[1736360846][2025-01-08 18:27:26] Error [2]: Undefined variable $dbbasededatos in /var/www/html/jocarsa-oldlace/back/Classes/ConexionBD.php on line 13
[1736360846][2025-01-08 18:27:26] Uncaught Exception: Access denied for user ''@'localhost' (using password: YES) in /var/www/html/jocarsa-oldlace/back/Classes/ConexionBD.php on line 9
[1736360870][2025-01-08 18:27:50] Error [2]: Undefined variable $dbservidor in /var/www/html/jocarsa-oldlace/back/Classes/ConexionBD.php on line 10
[1736360870][2025-01-08 18:27:50] Error [2]: Undefined variable $dbusuario in /var/www/html/jocarsa-oldlace/back/Classes/ConexionBD.php on line 11
[1736360870][2025-01-08 18:27:50] Error [2]: Undefined variable $dbcontrasena in /var/www/html/jocarsa-oldlace/back/Classes/ConexionBD.php on line 12
[1736360870][2025-01-08 18:27:50] Error [2]: Undefined variable $dbbasededatos in /var/www/html/jocarsa-oldlace/back/Classes/ConexionBD.php on line 13
[1736360870][2025-01-08 18:27:50] Uncaught Exception: Access denied for user ''@'localhost' (using password: YES) in /var/www/html/jocarsa-oldlace/back/Classes/ConexionBD.php on line 9
[1736360904][2025-01-08 18:28:24] Error [2]: Undefined variable $dbservidor in /var/www/html/jocarsa-oldlace/back/Classes/ConexionBD.php on line 10
[1736360904][2025-01-08 18:28:24] Error [2]: Undefined variable $dbusuario in /var/www/html/jocarsa-oldlace/back/Classes/ConexionBD.php on line 11
[1736360904][2025-01-08 18:28:24] Error [2]: Undefined variable $dbcontrasena in /var/www/html/jocarsa-oldlace/back/Classes/ConexionBD.php on line 12
[1736360904][2025-01-08 18:28:24] Error [2]: Undefined variable $dbbasededatos in /var/www/html/jocarsa-oldlace/back/Classes/ConexionBD.php on line 13
[1736360904][2025-01-08 18:28:24] Uncaught Exception: Access denied for user ''@'localhost' (using password: YES) in /var/www/html/jocarsa-oldlace/back/Classes/ConexionBD.php on line 9
[1736360916][2025-01-08 18:28:36] Error [2]: Undefined variable $dbservidor in /var/www/html/jocarsa-oldlace/back/Classes/ConexionBD.php on line 10
[1736360916][2025-01-08 18:28:36] Error [2]: Undefined variable $dbusuario in /var/www/html/jocarsa-oldlace/back/Classes/ConexionBD.php on line 11
[1736360916][2025-01-08 18:28:36] Error [2]: Undefined variable $dbcontrasena in /var/www/html/jocarsa-oldlace/back/Classes/ConexionBD.php on line 12
[1736360916][2025-01-08 18:28:36] Error [2]: Undefined variable $dbbasededatos in /var/www/html/jocarsa-oldlace/back/Classes/ConexionBD.php on line 13
[1736360916][2025-01-08 18:28:36] Uncaught Exception: Access denied for user ''@'localhost' (using password: YES) in /var/www/html/jocarsa-oldlace/back/Classes/ConexionBD.php on line 9
[1736360932][2025-01-08 18:28:52] Error [2]: Undefined variable $dbservidor in /var/www/html/jocarsa-oldlace/back/Classes/ConexionBD.php on line 10
[1736360932][2025-01-08 18:28:52] Error [2]: Undefined variable $dbusuario in /var/www/html/jocarsa-oldlace/back/Classes/ConexionBD.php on line 11
[1736360932][2025-01-08 18:28:52] Error [2]: Undefined variable $dbcontrasena in /var/www/html/jocarsa-oldlace/back/Classes/ConexionBD.php on line 12
[1736360932][2025-01-08 18:28:52] Error [2]: Undefined variable $dbbasededatos in /var/www/html/jocarsa-oldlace/back/Classes/ConexionBD.php on line 13
[1736360932][2025-01-08 18:28:52] Uncaught Exception: Access denied for user ''@'localhost' (using password: YES) in /var/www/html/jocarsa-oldlace/back/Classes/ConexionBD.php on line 9
[1736360939][2025-01-08 18:28:59] Error [2]: Undefined variable $dbservidor in /var/www/html/jocarsa-oldlace/back/Classes/ConexionBD.php on line 10
[1736360939][2025-01-08 18:28:59] Error [2]: Undefined variable $dbusuario in /var/www/html/jocarsa-oldlace/back/Classes/ConexionBD.php on line 11
[1736360939][2025-01-08 18:28:59] Error [2]: Undefined variable $dbcontrasena in /var/www/html/jocarsa-oldlace/back/Classes/ConexionBD.php on line 12
[1736360939][2025-01-08 18:28:59] Error [2]: Undefined variable $dbbasededatos in /var/www/html/jocarsa-oldlace/back/Classes/ConexionBD.php on line 13
[1736360939][2025-01-08 18:28:59] Uncaught Exception: Access denied for user ''@'localhost' (using password: YES) in /var/www/html/jocarsa-oldlace/back/Classes/ConexionBD.php on line 9
[1736360945][2025-01-08 18:29:05] Error [2]: Undefined variable $dbservidor in /var/www/html/jocarsa-oldlace/back/Classes/ConexionBD.php on line 10
[1736360945][2025-01-08 18:29:05] Error [2]: Undefined variable $dbusuario in /var/www/html/jocarsa-oldlace/back/Classes/ConexionBD.php on line 11
[1736360945][2025-01-08 18:29:05] Error [2]: Undefined variable $dbcontrasena in /var/www/html/jocarsa-oldlace/back/Classes/ConexionBD.php on line 12
[1736360945][2025-01-08 18:29:05] Error [2]: Undefined variable $dbbasededatos in /var/www/html/jocarsa-oldlace/back/Classes/ConexionBD.php on line 13
[1736360945][2025-01-08 18:29:05] Uncaught Exception: Access denied for user ''@'localhost' (using password: YES) in /var/www/html/jocarsa-oldlace/back/Classes/ConexionBD.php on line 9
[1736360973][2025-01-08 18:29:33] Error [2]: include(../../config.php): Failed to open stream: No such file or directory in /var/www/html/jocarsa-oldlace/back/Classes/ConexionBD.php on line 2
[1736360973][2025-01-08 18:29:33] Error [2]: include(): Failed opening '../../config.php' for inclusion (include_path='.:/usr/share/php') in /var/www/html/jocarsa-oldlace/back/Classes/ConexionBD.php on line 2
[1736360973][2025-01-08 18:29:33] Error [2]: Undefined variable $dbservidor in /var/www/html/jocarsa-oldlace/back/Classes/ConexionBD.php on line 10
[1736360973][2025-01-08 18:29:33] Error [2]: Undefined variable $dbusuario in /var/www/html/jocarsa-oldlace/back/Classes/ConexionBD.php on line 11
[1736360973][2025-01-08 18:29:33] Error [2]: Undefined variable $dbcontrasena in /var/www/html/jocarsa-oldlace/back/Classes/ConexionBD.php on line 12
[1736360973][2025-01-08 18:29:33] Error [2]: Undefined variable $dbbasededatos in /var/www/html/jocarsa-oldlace/back/Classes/ConexionBD.php on line 13
[1736360973][2025-01-08 18:29:33] Uncaught Exception: Access denied for user ''@'localhost' (using password: YES) in /var/www/html/jocarsa-oldlace/back/Classes/ConexionBD.php on line 9
[1736360988][2025-01-08 18:29:48] Error [2]: include(../../config.php): Failed to open stream: No such file or directory in /var/www/html/jocarsa-oldlace/back/Classes/ConexionBD.php on line 2
[1736360988][2025-01-08 18:29:48] Error [2]: include(): Failed opening '../../config.php' for inclusion (include_path='.:/usr/share/php') in /var/www/html/jocarsa-oldlace/back/Classes/ConexionBD.php on line 2
[1736360988][2025-01-08 18:29:48] Error [2]: Undefined variable $dbservidor in /var/www/html/jocarsa-oldlace/back/Classes/ConexionBD.php on line 11
[1736360988][2025-01-08 18:29:48] Error [2]: Undefined variable $dbusuario in /var/www/html/jocarsa-oldlace/back/Classes/ConexionBD.php on line 12
[1736360988][2025-01-08 18:29:48] Error [2]: Undefined variable $dbcontrasena in /var/www/html/jocarsa-oldlace/back/Classes/ConexionBD.php on line 13
[1736360988][2025-01-08 18:29:48] Error [2]: Undefined variable $dbbasededatos in /var/www/html/jocarsa-oldlace/back/Classes/ConexionBD.php on line 14
[1736360988][2025-01-08 18:29:48] Uncaught Exception: Access denied for user ''@'localhost' (using password: YES) in /var/www/html/jocarsa-oldlace/back/Classes/ConexionBD.php on line 10
[1736361017][2025-01-08 18:30:17] Error [2]: include(../../config.php): Failed to open stream: No such file or directory in /var/www/html/jocarsa-oldlace/back/Classes/ConexionBD.php on line 2
[1736361017][2025-01-08 18:30:17] Error [2]: include(): Failed opening '../../config.php' for inclusion (include_path='.:/usr/share/php') in /var/www/html/jocarsa-oldlace/back/Classes/ConexionBD.php on line 2
[1736361017][2025-01-08 18:30:17] Error [2]: Undefined variable $dbservidor in /var/www/html/jocarsa-oldlace/back/Classes/ConexionBD.php on line 3
[1736361017][2025-01-08 18:30:17] Error [2]: Undefined variable $dbservidor in /var/www/html/jocarsa-oldlace/back/Classes/ConexionBD.php on line 11
[1736361017][2025-01-08 18:30:17] Error [2]: Undefined variable $dbusuario in /var/www/html/jocarsa-oldlace/back/Classes/ConexionBD.php on line 12
[1736361017][2025-01-08 18:30:17] Error [2]: Undefined variable $dbcontrasena in /var/www/html/jocarsa-oldlace/back/Classes/ConexionBD.php on line 13
[1736361017][2025-01-08 18:30:17] Error [2]: Undefined variable $dbbasededatos in /var/www/html/jocarsa-oldlace/back/Classes/ConexionBD.php on line 14
[1736361017][2025-01-08 18:30:17] Uncaught Exception: Access denied for user ''@'localhost' (using password: YES) in /var/www/html/jocarsa-oldlace/back/Classes/ConexionBD.php on line 10
[1736361032][2025-01-08 18:30:32] Error [2]: Undefined variable $dbservidor in /var/www/html/jocarsa-oldlace/back/Classes/ConexionBD.php on line 11
[1736361032][2025-01-08 18:30:32] Error [2]: Undefined variable $dbusuario in /var/www/html/jocarsa-oldlace/back/Classes/ConexionBD.php on line 12
[1736361032][2025-01-08 18:30:32] Error [2]: Undefined variable $dbcontrasena in /var/www/html/jocarsa-oldlace/back/Classes/ConexionBD.php on line 13
[1736361032][2025-01-08 18:30:32] Error [2]: Undefined variable $dbbasededatos in /var/www/html/jocarsa-oldlace/back/Classes/ConexionBD.php on line 14
[1736361032][2025-01-08 18:30:32] Uncaught Exception: Access denied for user ''@'localhost' (using password: YES) in /var/www/html/jocarsa-oldlace/back/Classes/ConexionBD.php on line 10
[1736361038][2025-01-08 18:30:38] Error [2]: Undefined variable $dbservidor in /var/www/html/jocarsa-oldlace/back/Classes/ConexionBD.php on line 11
[1736361038][2025-01-08 18:30:38] Error [2]: Undefined variable $dbusuario in /var/www/html/jocarsa-oldlace/back/Classes/ConexionBD.php on line 12
[1736361038][2025-01-08 18:30:38] Error [2]: Undefined variable $dbcontrasena in /var/www/html/jocarsa-oldlace/back/Classes/ConexionBD.php on line 13
[1736361038][2025-01-08 18:30:38] Error [2]: Undefined variable $dbbasededatos in /var/www/html/jocarsa-oldlace/back/Classes/ConexionBD.php on line 14
[1736361038][2025-01-08 18:30:38] Uncaught Exception: Access denied for user ''@'localhost' (using password: YES) in /var/www/html/jocarsa-oldlace/back/Classes/ConexionBD.php on line 10
[1736361145][2025-01-08 18:32:25] Error [2]: Undefined variable $dbservidor in /var/www/html/jocarsa-oldlace/back/Classes/ConexionBD.php on line 15
[1736361145][2025-01-08 18:32:25] Error [2]: Undefined variable $dbusuario in /var/www/html/jocarsa-oldlace/back/Classes/ConexionBD.php on line 16
[1736361145][2025-01-08 18:32:25] Error [2]: Undefined variable $dbcontrasena in /var/www/html/jocarsa-oldlace/back/Classes/ConexionBD.php on line 17
[1736361145][2025-01-08 18:32:25] Error [2]: Undefined variable $dbbasededatos in /var/www/html/jocarsa-oldlace/back/Classes/ConexionBD.php on line 18
[1736361145][2025-01-08 18:32:25] Uncaught Exception: Access denied for user ''@'localhost' (using password: YES) in /var/www/html/jocarsa-oldlace/back/Classes/ConexionBD.php on line 14
[1736361215][2025-01-08 18:33:35] Uncaught Exception: Too few arguments to function ConexionBD::__construct(), 0 passed in /var/www/html/jocarsa-oldlace/back/index.php on line 10 and exactly 4 expected in /var/www/html/jocarsa-oldlace/back/Classes/ConexionBD.php on line 9
